{
  "stats": {
    "suites": 3,
    "tests": 4,
    "passes": 2,
    "pending": 2,
    "failures": 0,
    "start": "2023-03-24T16:03:53.335Z",
    "end": "2023-03-24T16:04:14.611Z",
    "duration": 21276,
    "testsRegistered": 4,
    "passPercent": 100,
    "pendingPercent": 50,
    "other": 0,
    "hasOther": false,
    "skipped": 0,
    "hasSkipped": false
  },
  "results": [
    {
      "uuid": "dc7c6fda-342d-4f4a-a377-acf553046f36",
      "title": "",
      "fullFile": "cypress\\e2e\\Login.cy.js",
      "file": "cypress\\e2e\\Login.cy.js",
      "beforeHooks": [],
      "afterHooks": [],
      "tests": [],
      "suites": [
        {
          "uuid": "b8ce29dd-cb99-43f5-bd73-72e637b8f067",
          "title": "Loging in Siigo cloud page",
          "fullFile": "",
          "file": "",
          "beforeHooks": [],
          "afterHooks": [],
          "tests": [
            {
              "title": "User can be login",
              "fullTitle": "Loging in Siigo cloud page User can be login",
              "timedOut": null,
              "duration": 11741,
              "state": "passed",
              "speed": "slow",
              "pass": true,
              "fail": false,
              "pending": false,
              "context": null,
              "code": "cy.fixture('user.json').then(siigoUser => {\n  _SiigoLoginPage.default.enterUserValue(siigoUser.user).enterPasswordValue(siigoUser.password).clickOnLoginButton();\n  _SiigoHomePage.default.loged(siigoUser.username);\n});",
              "err": {},
              "uuid": "d7143b6e-5707-4466-a3fe-9290d03fadbe",
              "parentUUID": "b8ce29dd-cb99-43f5-bd73-72e637b8f067",
              "isHook": false,
              "skipped": false
            },
            {
              "title": "User can be login with command",
              "fullTitle": "Loging in Siigo cloud page User can be login with command",
              "timedOut": null,
              "duration": 6716,
              "state": "passed",
              "speed": "medium",
              "pass": true,
              "fail": false,
              "pending": false,
              "context": null,
              "code": "cy.fixture('user.json').then(siigoUser => {\n  cy.loginSiigoPage(siigoUser.user, siigoUser.password);\n  _SiigoHomePage.default.loged(siigoUser.username);\n});",
              "err": {},
              "uuid": "eada96c5-64da-43f9-b83d-57f97ce5ffb6",
              "parentUUID": "b8ce29dd-cb99-43f5-bd73-72e637b8f067",
              "isHook": false,
              "skipped": false
            }
          ],
          "suites": [],
          "passes": [
            "d7143b6e-5707-4466-a3fe-9290d03fadbe",
            "eada96c5-64da-43f9-b83d-57f97ce5ffb6"
          ],
          "failures": [],
          "pending": [],
          "skipped": [],
          "duration": 18457,
          "root": false,
          "rootEmpty": false,
          "_timeout": 2000
        },
        {
          "uuid": "f21ac786-60c5-490d-bba5-ab18d8292810",
          "title": "Loging with intercepted 1",
          "fullFile": "",
          "file": "",
          "beforeHooks": [],
          "afterHooks": [],
          "tests": [
            {
              "title": "User can be login with command",
              "fullTitle": "Loging with intercepted 1 User can be login with command",
              "timedOut": null,
              "duration": 0,
              "state": "pending",
              "speed": null,
              "pass": false,
              "fail": false,
              "pending": true,
              "context": null,
              "code": "cy.fixture('user.json').then(siigoUser => {\n  cy.loginSiigoPage(siigoUser.user, siigoUser.password);\n  _SiigoHomePage.default.loged(siigoUser.username);\n});",
              "err": {},
              "uuid": "00f531be-efa8-441d-8b8d-40a256967a27",
              "parentUUID": "f21ac786-60c5-490d-bba5-ab18d8292810",
              "isHook": false,
              "skipped": false
            }
          ],
          "suites": [],
          "passes": [],
          "failures": [],
          "pending": [
            "00f531be-efa8-441d-8b8d-40a256967a27"
          ],
          "skipped": [],
          "duration": 0,
          "root": false,
          "rootEmpty": false,
          "_timeout": 2000
        },
        {
          "uuid": "4f6f2c02-9652-446e-a0d2-c27c355a1077",
          "title": "Loging with intercepted 2",
          "fullFile": "",
          "file": "",
          "beforeHooks": [],
          "afterHooks": [],
          "tests": [
            {
              "title": "User can be login with command",
              "fullTitle": "Loging with intercepted 2 User can be login with command",
              "timedOut": null,
              "duration": 0,
              "state": "pending",
              "speed": null,
              "pass": false,
              "fail": false,
              "pending": true,
              "context": null,
              "code": "cy.fixture('user.json').then(siigoUser => {\n  cy.loginSiigoPage(siigoUser.user, siigoUser.password);\n  _SiigoHomePage.default.loged(siigoUser.username);\n});",
              "err": {},
              "uuid": "ecfbbbb5-6378-4df8-8734-5360060aa04f",
              "parentUUID": "4f6f2c02-9652-446e-a0d2-c27c355a1077",
              "isHook": false,
              "skipped": false
            }
          ],
          "suites": [],
          "passes": [],
          "failures": [],
          "pending": [
            "ecfbbbb5-6378-4df8-8734-5360060aa04f"
          ],
          "skipped": [],
          "duration": 0,
          "root": false,
          "rootEmpty": false,
          "_timeout": 2000
        }
      ],
      "passes": [],
      "failures": [],
      "pending": [],
      "skipped": [],
      "duration": 0,
      "root": true,
      "rootEmpty": true,
      "_timeout": 2000
    }
  ],
  "meta": {
    "mocha": {
      "version": "7.0.1"
    },
    "mochawesome": {
      "options": {
        "quiet": true,
        "reportFilename": "AutomationCypressReport",
        "saveHtml": true,
        "saveJson": true,
        "consoleReporter": "spec",
        "useInlineDiffs": false,
        "code": true
      },
      "version": "6.3.1"
    },
    "marge": {
      "options": {
        "reportFilename": "AutomationCypressReport",
        "reportDir": "cypress/results",
        "overwrite": true,
        "html": true,
        "json": true,
        "quiet": true
      },
      "version": "5.2.0"
    }
  }
}